2019-09-11 11:44:59,125 ERROR [main] AllureLifecycle:609 - Could not add attachment: no test is running
2019-09-11 11:44:59,156 ERROR [main] AllureLifecycle:609 - Could not add attachment: no test is running
2019-09-11 11:49:38,209 ERROR [main] AllureLifecycle:609 - Could not add attachment: no test is running
2019-09-11 11:49:38,221 ERROR [main] AllureLifecycle:609 - Could not add attachment: no test is running
2019-09-11 11:54:15,821 ERROR [main] AllureLifecycle:609 - Could not add attachment: no test is running
2019-09-11 11:54:15,833 ERROR [main] AllureLifecycle:609 - Could not add attachment: no test is running
2019-09-11 11:55:09,324 ERROR [main] AllureLifecycle:609 - Could not add attachment: no test is running
2019-09-11 11:55:09,331 ERROR [main] AllureLifecycle:609 - Could not add attachment: no test is running
2019-09-11 11:55:37,619 ERROR [main] AllureLifecycle:609 - Could not add attachment: no test is running
2019-09-11 11:55:37,627 ERROR [main] AllureLifecycle:609 - Could not add attachment: no test is running
2019-09-11 11:56:17,768 DEBUG [main] cache:45 - Couldn't find template in cache for "Extent.ftl"("en_IN", UTF-8, parsed); will try to load it.
2019-09-11 11:56:17,770 DEBUG [main] cache:45 - TemplateLoader.findTemplateSource("Extent_en_IN.ftl"): Not found
2019-09-11 11:56:17,774 DEBUG [main] cache:45 - TemplateLoader.findTemplateSource("Extent_en.ftl"): Not found
2019-09-11 11:56:17,787 DEBUG [main] cache:45 - TemplateLoader.findTemplateSource("Extent.ftl"): Found
2019-09-11 11:56:17,788 DEBUG [main] cache:45 - Loading template for "Extent.ftl"("en_IN", UTF-8, parsed) from "jar:file:/C:/Users/dell/.m2/repository/com/relevantcodes/extentreports/2.41.2/extentreports-2.41.2.jar!/com/relevantcodes/extentreports/view/Extent.ftl"
2019-09-11 11:56:19,066 DEBUG [main] cache:45 - Couldn't find template in cache for "Extent.ftl"("en_IN", UTF-8, parsed); will try to load it.
2019-09-11 11:56:19,070 DEBUG [main] cache:45 - TemplateLoader.findTemplateSource("Extent_en_IN.ftl"): Not found
2019-09-11 11:56:19,071 DEBUG [main] cache:45 - TemplateLoader.findTemplateSource("Extent_en.ftl"): Not found
2019-09-11 11:56:19,072 DEBUG [main] cache:45 - TemplateLoader.findTemplateSource("Extent.ftl"): Found
2019-09-11 11:56:19,073 DEBUG [main] cache:45 - Loading template for "Extent.ftl"("en_IN", UTF-8, parsed) from "jar:file:/C:/Users/dell/.m2/repository/com/relevantcodes/extentreports/2.41.2/extentreports-2.41.2.jar!/com/relevantcodes/extentreports/view/Extent.ftl"
